[0m[[0m[0mdebug[0m] [0m[0m> Exec(run, Some(0dc125d6-6802-40a6-a93c-4119fe8633cc), Some(CommandSource(console0)))[0m
[0m[[0m[0mdebug[0m] [0m[0mEvaluating tasks: Compile / run[0m
[0m[[0m[0mdebug[0m] [0m[0mRunning task... Cancel: Signal, check cycles: false, forcegc: true[0m
[0m[[0m[31merror[0m] [0m[0mscala.NotImplementedError: an implementation is missing[0m
[0m[[0m[31merror[0m] [0m[0m	at scala.Predef$.$qmark$qmark$qmark(Predef.scala:288)[0m
[0m[[0m[31merror[0m] [0m[0m	at stream.drone$.randomCitizens(drone.scala:30)[0m
[0m[[0m[31merror[0m] [0m[0m	at stream.drone$.randomCitizensWords(drone.scala:56)[0m
[0m[[0m[31merror[0m] [0m[0m	at stream.drone$.randomReport(drone.scala:63)[0m
[0m[[0m[31merror[0m] [0m[0m	at stream.drone$.jsonReport(drone.scala:81)[0m
[0m[[0m[31merror[0m] [0m[0m	at stream.kafkaProducerApp$.delayedEndpoint$stream$kafkaProducerApp$1(KafkaProducerApp.scala:37)[0m
[0m[[0m[31merror[0m] [0m[0m	at stream.kafkaProducerApp$delayedInit$body.apply(KafkaProducerApp.scala:18)[0m
[0m[[0m[31merror[0m] [0m[0m	at scala.Function0.apply$mcV$sp(Function0.scala:39)[0m
[0m[[0m[31merror[0m] [0m[0m	at scala.Function0.apply$mcV$sp$(Function0.scala:39)[0m
[0m[[0m[31merror[0m] [0m[0m	at scala.runtime.AbstractFunction0.apply$mcV$sp(AbstractFunction0.scala:17)[0m
[0m[[0m[31merror[0m] [0m[0m	at scala.App.$anonfun$main$1$adapted(App.scala:80)[0m
[0m[[0m[31merror[0m] [0m[0m	at scala.collection.immutable.List.foreach(List.scala:392)[0m
[0m[[0m[31merror[0m] [0m[0m	at scala.App.main(App.scala:80)[0m
[0m[[0m[31merror[0m] [0m[0m	at scala.App.main$(App.scala:78)[0m
[0m[[0m[31merror[0m] [0m[0m	at stream.kafkaProducerApp$.main(KafkaProducerApp.scala:18)[0m
[0m[[0m[31merror[0m] [0m[0m	at stream.kafkaProducerApp.main(KafkaProducerApp.scala)[0m
[0m[[0m[31merror[0m] [0m[0m	at sun.reflect.NativeMethodAccessorImpl.invoke0(Native Method)[0m
[0m[[0m[31merror[0m] [0m[0m	at sun.reflect.NativeMethodAccessorImpl.invoke(NativeMethodAccessorImpl.java:62)[0m
[0m[[0m[31merror[0m] [0m[0m	at sun.reflect.DelegatingMethodAccessorImpl.invoke(DelegatingMethodAccessorImpl.java:43)[0m
[0m[[0m[31merror[0m] [0m[0m	at java.lang.reflect.Method.invoke(Method.java:498)[0m
[0m[[0m[31merror[0m] [0m[0m	at sbt.Run.invokeMain(Run.scala:143)[0m
[0m[[0m[31merror[0m] [0m[0m	at sbt.Run.execute$1(Run.scala:93)[0m
[0m[[0m[31merror[0m] [0m[0m	at sbt.Run.$anonfun$runWithLoader$5(Run.scala:120)[0m
[0m[[0m[31merror[0m] [0m[0m	at sbt.Run$.executeSuccess(Run.scala:186)[0m
[0m[[0m[31merror[0m] [0m[0m	at sbt.Run.runWithLoader(Run.scala:120)[0m
[0m[[0m[31merror[0m] [0m[0m	at sbt.Defaults$.$anonfun$bgRunTask$6(Defaults.scala:1983)[0m
[0m[[0m[31merror[0m] [0m[0m	at sbt.Defaults$.$anonfun$termWrapper$2(Defaults.scala:1922)[0m
[0m[[0m[31merror[0m] [0m[0m	at scala.runtime.java8.JFunction0$mcV$sp.apply(JFunction0$mcV$sp.java:23)[0m
[0m[[0m[31merror[0m] [0m[0m	at scala.util.Try$.apply(Try.scala:213)[0m
[0m[[0m[31merror[0m] [0m[0m	at sbt.internal.BackgroundThreadPool$BackgroundRunnable.run(DefaultBackgroundJobService.scala:369)[0m
[0m[[0m[31merror[0m] [0m[0m	at java.util.concurrent.ThreadPoolExecutor.runWorker(ThreadPoolExecutor.java:1149)[0m
[0m[[0m[31merror[0m] [0m[0m	at java.util.concurrent.ThreadPoolExecutor$Worker.run(ThreadPoolExecutor.java:624)[0m
[0m[[0m[31merror[0m] [0m[0m	at java.lang.Thread.run(Thread.java:748)[0m
[0m[[0m[31merror[0m] [0m[0m(Compile / [31mrun[0m) scala.NotImplementedError: an implementation is missing[0m
[0m[[0m[31merror[0m] [0m[0mTotal time: 4 s, completed Apr 3, 2022 5:17:46 PM[0m
[0m[[0m[0mdebug[0m] [0m[0m> Exec(shell, None, None)[0m
